生成启动时间为 2016/6/13 18:39:18。
     1>项目“D:\repository\basicSkillsLearning\OOandCPlusPlus\projects\C++Programming\C++Programming.vcxproj”在节点 2 上(build 个目标)。
     1>InitializeBuildStatus:
         正在创建“D:\repository\basicSkillsLearning\OOandCPlusPlus\obj\C++Programming\x64\Debug\C++Programming.unsuccessfulbuild”，因为已指定“AlwaysCreate”。
       ClCompile:
         c:\Program Files (x86)\Microsoft Visual Studio 10.0\VC\bin\x86_amd64\CL.exe /c /Zi /nologo /W3 /WX- /Od /D _MBCS /Gm /EHsc /RTC1 /MDd /GS /fp:precise /Zc:wchar_t /Zc:forScope /Fo"D:\repository\basicSkillsLearning\OOandCPlusPlus\obj\C++Programming\x64\Debug\\" /Fd"D:\repository\basicSkillsLearning\OOandCPlusPlus\obj\C++Programming\x64\Debug\vc100.pdb" /Gd /TP /errorReport:prompt ..\..\src\ProgrammingCh9.cpp ..\..\src\ProgrammingMain.cpp
         ProgrammingCh9.cpp
         Generating Code...
         Compiling...
         ProgrammingMain.cpp
         Generating Code...
       Link:
         c:\Program Files (x86)\Microsoft Visual Studio 10.0\VC\bin\x86_amd64\link.exe /ERRORREPORT:PROMPT /OUT:"D:\repository\basicSkillsLearning\OOandCPlusPlus\bin\C++Programming\x64\Debug\C++Programming.exe" /NOLOGO kernel32.lib user32.lib gdi32.lib winspool.lib comdlg32.lib advapi32.lib shell32.lib ole32.lib oleaut32.lib uuid.lib odbc32.lib odbccp32.lib /MANIFEST /ManifestFile:"D:\repository\basicSkillsLearning\OOandCPlusPlus\obj\C++Programming\x64\Debug\C++Programming.exe.intermediate.manifest" /MANIFESTUAC:"level='asInvoker' uiAccess='false'" /DEBUG /PDB:"D:\repository\basicSkillsLearning\OOandCPlusPlus\bin\C++Programming\x64\Debug\C++Programming.pdb" /TLBID:1 /DYNAMICBASE /NXCOMPAT /IMPLIB:"D:\repository\basicSkillsLearning\OOandCPlusPlus\bin\C++Programming\x64\Debug\C++Programming.lib" /MACHINE:X64 D:\repository\basicSkillsLearning\OOandCPlusPlus\obj\C++Programming\x64\Debug\ProgrammingCh9.obj
         D:\repository\basicSkillsLearning\OOandCPlusPlus\obj\C++Programming\x64\Debug\ProgrammingMain.obj
         LINK : 没有找到 D:\repository\basicSkillsLearning\OOandCPlusPlus\bin\C++Programming\x64\Debug\C++Programming.exe 或上一个增量链接没有生成它；正在执行完全链接
         C++Programming.vcxproj -> D:\repository\basicSkillsLearning\OOandCPlusPlus\bin\C++Programming\x64\Debug\C++Programming.exe
       Manifest:
         c:\Program Files (x86)\Microsoft SDKs\Windows\v7.0A\bin\mt.exe /nologo /verbose /outputresource:"D:\repository\basicSkillsLearning\OOandCPlusPlus\bin\C++Programming\x64\Debug\C++Programming.exe;#1" /manifest D:\repository\basicSkillsLearning\OOandCPlusPlus\obj\C++Programming\x64\Debug\C++Programming.exe.intermediate.manifest
       FinalizeBuildStatus:
         正在删除文件“D:\repository\basicSkillsLearning\OOandCPlusPlus\obj\C++Programming\x64\Debug\C++Programming.unsuccessfulbuild”。
         正在对“D:\repository\basicSkillsLearning\OOandCPlusPlus\obj\C++Programming\x64\Debug\C++Programming.lastbuildstate”执行 Touch 任务。
     1>已完成生成项目“D:\repository\basicSkillsLearning\OOandCPlusPlus\projects\C++Programming\C++Programming.vcxproj”(build 个目标)的操作。

生成成功。

已用时间 00:00:01.78
